<?xml version="1.0" encoding="UTF-8"?>
<!-- Generated by org.testng.reporters.JUnitReportReporter -->
<testsuite skipped="0" hostname="LAPTOP-DPM6R2F5" name="org.Adactin.Parallel3" tests="3" failures="0" timestamp="29 Dec 2021 08:41:04 GMT" time="0.019" errors="0">
  <testcase name="tc2000" time="0.006" classname="org.Adactin.Parallel3"/>
  <testcase name="tc1000" time="0.006" classname="org.Adactin.Parallel3"/>
  <testcase name="tc3000" time="0.007" classname="org.Adactin.Parallel3"/>
</testsuite> <!-- org.Adactin.Parallel3 -->
