<?xml version="1.0" encoding="UTF-8"?>
<!-- Generated by org.testng.reporters.JUnitReportReporter -->
<testsuite skipped="0" hostname="LAPTOP-DPM6R2F5" name="org.Adactin.Parallel1" tests="3" failures="0" timestamp="29 Dec 2021 08:41:04 GMT" time="0.062" errors="0">
  <testcase name="tc2" time="0.020" classname="org.Adactin.Parallel1"/>
  <testcase name="tc1" time="0.020" classname="org.Adactin.Parallel1"/>
  <testcase name="tc3" time="0.022" classname="org.Adactin.Parallel1"/>
</testsuite> <!-- org.Adactin.Parallel1 -->
