<?xml version="1.0" encoding="UTF-8"?>
<!-- Generated by org.testng.reporters.JUnitReportReporter -->
<testsuite skipped="0" hostname="LAPTOP-DPM6R2F5" name="org.Adactin.ParameterS" tests="1" failures="0" timestamp="25 Dec 2021 06:33:26 GMT" time="4.640" errors="0">
  <testcase name="method" time="4.640" classname="org.Adactin.ParameterS"/>
</testsuite> <!-- org.Adactin.ParameterS -->
