<?xml version="1.0" encoding="UTF-8"?>
<!-- Generated by org.testng.reporters.JUnitReportReporter -->
<testsuite skipped="0" hostname="LAPTOP-DPM6R2F5" name="org.Adactin.Suite2" tests="1" failures="0" timestamp="28 Dec 2021 09:20:21 GMT" time="0.002" errors="0">
  <testcase name="tc30" time="0.002" classname="org.Adactin.Suite2"/>
</testsuite> <!-- org.Adactin.Suite2 -->
