<?xml version="1.0" encoding="UTF-8"?>
<!-- Generated by org.testng.reporters.JUnitReportReporter -->
<testsuite skipped="0" hostname="LAPTOP-DPM6R2F5" name="org.Adactin.Parallel2" tests="3" failures="0" timestamp="29 Dec 2021 08:41:04 GMT" time="0.060" errors="0">
  <testcase name="tc200" time="0.020" classname="org.Adactin.Parallel2"/>
  <testcase name="tc300" time="0.020" classname="org.Adactin.Parallel2"/>
  <testcase name="tc100" time="0.020" classname="org.Adactin.Parallel2"/>
</testsuite> <!-- org.Adactin.Parallel2 -->
