<?xml version="1.0" encoding="UTF-8"?>
<!-- Generated by org.testng.reporters.JUnitReportReporter -->
<testsuite skipped="0" hostname="LAPTOP-DPM6R2F5" name="org.Adactin.suite1" tests="1" failures="0" timestamp="28 Dec 2021 09:20:21 GMT" time="0.013" errors="0">
  <testcase name="tc2" time="0.013" classname="org.Adactin.suite1"/>
</testsuite> <!-- org.Adactin.suite1 -->
