<?xml version="1.0" encoding="UTF-8"?>
<!-- Generated by org.testng.reporters.JUnitReportReporter -->
<testsuite skipped="0" hostname="LAPTOP-DPM6R2F5" name="org.Adactin.Data" tests="4" failures="0" timestamp="28 Dec 2021 09:55:15 GMT" time="26.879" errors="0">
  <testcase name="tc" time="5.732" classname="org.Adactin.Data"/>
  <testcase name="tc" time="6.141" classname="org.Adactin.Data"/>
  <testcase name="tc" time="6.587" classname="org.Adactin.Data"/>
  <testcase name="tc" time="8.419" classname="org.Adactin.Data"/>
</testsuite> <!-- org.Adactin.Data -->
