<?xml version="1.0" encoding="UTF-8"?>
<!-- Generated by org.testng.reporters.JUnitReportReporter -->
<testsuite skipped="0" hostname="LAPTOP-DPM6R2F5" name="org.Adactin.Suite3" tests="1" failures="0" timestamp="28 Dec 2021 09:20:21 GMT" time="0.001" errors="0">
  <testcase name="tc300" time="0.001" classname="org.Adactin.Suite3"/>
</testsuite> <!-- org.Adactin.Suite3 -->
