<?xml version="1.0" encoding="UTF-8"?>
<!-- Generated by org.testng.reporters.JUnitReportReporter -->
<testsuite skipped="0" hostname="LAPTOP-DPM6R2F5" name="org.Adactin.Multiplebrowsermethod" tests="2" failures="0" timestamp="30 Dec 2021 08:45:34 GMT" time="10.767" errors="1">
  <testcase name="tc1" time="6.575" classname="org.Adactin.Multiplebrowsermethod"/>
  <testcase name="tc1" time="4.192" classname="org.Adactin.Multiplebrowsermethod">
    <error type="org.openqa.selenium.SessionNotCreatedException" message="Could not start a new session. Possible causes are invalid address of the remote server or browser start-up failure.
Build info: version: &#039;4.0.0-beta-1&#039;, revision: &#039;9c03156c2b&#039;
System info: host: &#039;LAPTOP-DPM6R2F5&#039;, ip: &#039;172.20.10.5&#039;, os.name: &#039;Windows 10&#039;, os.arch: &#039;amd64&#039;, os.version: &#039;10.0&#039;, java.version: &#039;1.8.0_202&#039;
Driver info: org.openqa.selenium.ie.InternetExplorerDriver
Command: [null, newSession {desiredCapabilities=Capabilities {browserName: internet explorer, se:ieOptions: {}}}]
Capabilities {}">
      <![CDATA[org.openqa.selenium.SessionNotCreatedException: Could not start a new session. Possible causes are invalid address of the remote server or browser start-up failure.
Build info: version: '4.0.0-beta-1', revision: '9c03156c2b'
System info: host: 'LAPTOP-DPM6R2F5', ip: '172.20.10.5', os.name: 'Windows 10', os.arch: 'amd64', os.version: '10.0', java.version: '1.8.0_202'
Driver info: org.openqa.selenium.ie.InternetExplorerDriver
Command: [null, newSession {desiredCapabilities=Capabilities {browserName: internet explorer, se:ieOptions: {}}}]
Capabilities {}
at org.openqa.selenium.remote.RemoteWebDriver.execute(RemoteWebDriver.java:635)
at org.openqa.selenium.remote.RemoteWebDriver.startSession(RemoteWebDriver.java:252)
at org.openqa.selenium.ie.InternetExplorerDriver.run(InternetExplorerDriver.java:186)
at org.openqa.selenium.ie.InternetExplorerDriver.<init>(InternetExplorerDriver.java:178)
at org.openqa.selenium.ie.InternetExplorerDriver.<init>(InternetExplorerDriver.java:142)
at org.Adactin.Multiplebrowsermethod.tc1(Multiplebrowsermethod.java:22)
at sun.reflect.NativeMethodAccessorImpl.invoke0(Native Method)
at sun.reflect.NativeMethodAccessorImpl.invoke(Unknown Source)
at sun.reflect.DelegatingMethodAccessorImpl.invoke(Unknown Source)
at java.lang.reflect.Method.invoke(Unknown Source)
at org.testng.internal.MethodInvocationHelper.invokeMethod(MethodInvocationHelper.java:124)
at org.testng.internal.Invoker.invokeMethod(Invoker.java:583)
at org.testng.internal.Invoker.invokeTestMethod(Invoker.java:719)
at org.testng.internal.Invoker.invokeTestMethods(Invoker.java:989)
at org.testng.internal.TestMethodWorker.invokeTestMethods(TestMethodWorker.java:125)
at org.testng.internal.TestMethodWorker.run(TestMethodWorker.java:109)
at org.testng.TestRunner.privateRun(TestRunner.java:648)
at org.testng.TestRunner.run(TestRunner.java:505)
at org.testng.SuiteRunner.runTest(SuiteRunner.java:455)
at org.testng.SuiteRunner.access$000(SuiteRunner.java:40)
at org.testng.SuiteRunner$SuiteWorker.run(SuiteRunner.java:489)
at org.testng.internal.thread.ThreadUtil$1.call(ThreadUtil.java:52)
at java.util.concurrent.FutureTask.run(Unknown Source)
at java.util.concurrent.ThreadPoolExecutor.runWorker(Unknown Source)
at java.util.concurrent.ThreadPoolExecutor$Worker.run(Unknown Source)
at java.lang.Thread.run(Unknown Source)
Caused by: java.lang.NullPointerException
at org.openqa.selenium.remote.ProtocolHandshake.createSession(ProtocolHandshake.java:122)
at org.openqa.selenium.remote.ProtocolHandshake.createSession(ProtocolHandshake.java:73)
at org.openqa.selenium.remote.HttpCommandExecutor.execute(HttpCommandExecutor.java:153)
at org.openqa.selenium.remote.service.DriverCommandExecutor.invokeExecute(DriverCommandExecutor.java:153)
at org.openqa.selenium.remote.service.DriverCommandExecutor.execute(DriverCommandExecutor.java:128)
at org.openqa.selenium.remote.RemoteWebDriver.execute(RemoteWebDriver.java:620)
... 25 more
]]>
    </error>
  </testcase> <!-- tc1 -->
</testsuite> <!-- org.Adactin.Multiplebrowsermethod -->
